PlugHub_APP/app/build/intermediates/manifest_merge_blame_file/debug/manifest-merger-blame-debug-report.txt
1<?xml version="1.0" encoding="utf-8"?>
2<manifest xmlns:android="http://schemas.android.com/apk/res/android"
3    package="com.lkw.searchbar"
4    android:versionCode="1"
5    android:versionName="1.0" >
6
7    <uses-sdk
8        android:minSdkVersion="24"
8-->src\main\AndroidManifest.xml
9        android:targetSdkVersion="33" />
9-->src\main\AndroidManifest.xml
10
11    <uses-permission android:name="android.permission.INTERNET" />
11-->src\main\AndroidManifest.xml:6:5-66
11-->src\main\AndroidManifest.xml:6:22-64
12    <uses-permission android:name="android.permission.ACCESS_NETWORK_STATE" />
12-->src\main\AndroidManifest.xml:7:5-78
12-->src\main\AndroidManifest.xml:7:22-76
13    <uses-permission android:name="android.permission.ACCESS_FINE_LOCATION" />
13-->src\main\AndroidManifest.xml:8:5-78
13-->src\main\AndroidManifest.xml:8:22-76
14    <uses-permission android:name="android.permission.ACCESS_COARSE_LOCATION" />
14-->src\main\AndroidManifest.xml:9:5-80
14-->src\main\AndroidManifest.xml:9:22-78
15
16    <queries>
16-->[com.kakao.sdk:v2-navi:2.13.0] AndroidManifest.xml:9:5-12:15
17        <package android:name="com.locnall.KimGiSa" />
17-->[com.kakao.sdk:v2-navi:2.13.0] AndroidManifest.xml:10:9-55
17-->[com.kakao.sdk:v2-navi:2.13.0] AndroidManifest.xml:10:18-52
18        <package android:name="com.lguplus.navi" />
18-->[com.kakao.sdk:v2-navi:2.13.0] AndroidManifest.xml:11:9-52
18-->[com.kakao.sdk:v2-navi:2.13.0] AndroidManifest.xml:11:18-49
19        <package android:name="com.kakao.talk" />
19-->[com.kakao.sdk:v2-common:2.13.0] AndroidManifest.xml:10:9-50
19-->[com.kakao.sdk:v2-common:2.13.0] AndroidManifest.xml:10:18-47
20        <package android:name="com.kakao.talk.alpha" />
20-->[com.kakao.sdk:v2-common:2.13.0] AndroidManifest.xml:11:9-56
20-->[com.kakao.sdk:v2-common:2.13.0] AndroidManifest.xml:11:18-53
21        <package android:name="com.kakao.talk.sandbox" />
21-->[com.kakao.sdk:v2-common:2.13.0] AndroidManifest.xml:12:9-58
21-->[com.kakao.sdk:v2-common:2.13.0] AndroidManifest.xml:12:18-55
22        <package android:name="com.kakao.onetalk" />
22-->[com.kakao.sdk:v2-common:2.13.0] AndroidManifest.xml:13:9-53
22-->[com.kakao.sdk:v2-common:2.13.0] AndroidManifest.xml:13:18-50
23
24        <intent>
24-->[com.kakao.sdk:v2-common:2.13.0] AndroidManifest.xml:15:9-21:18
25            <action android:name="android.intent.action.VIEW" />
25-->[com.kakao.sdk:v2-common:2.13.0] AndroidManifest.xml:16:13-65
25-->[com.kakao.sdk:v2-common:2.13.0] AndroidManifest.xml:16:21-62
26
27            <category android:name="android.intent.category.BROWSABLE" />
27-->[com.kakao.sdk:v2-common:2.13.0] AndroidManifest.xml:18:13-74
27-->[com.kakao.sdk:v2-common:2.13.0] AndroidManifest.xml:18:23-71
28
29            <data android:scheme="https" />
29-->[com.kakao.sdk:v2-common:2.13.0] AndroidManifest.xml:20:13-44
29-->[com.kakao.sdk:v2-common:2.13.0] AndroidManifest.xml:20:19-41
30        </intent>
31    </queries>
32
33    <permission
33-->[androidx.core:core:1.9.0] AndroidManifest.xml:22:5-24:47
34        android:name="com.lkw.searchbar.DYNAMIC_RECEIVER_NOT_EXPORTED_PERMISSION"
34-->[androidx.core:core:1.9.0] AndroidManifest.xml:23:9-81
35        android:protectionLevel="signature" />
35-->[androidx.core:core:1.9.0] AndroidManifest.xml:24:9-44
36
37    <uses-permission android:name="com.lkw.searchbar.DYNAMIC_RECEIVER_NOT_EXPORTED_PERMISSION" />
37-->[androidx.core:core:1.9.0] AndroidManifest.xml:26:5-97
37-->[androidx.core:core:1.9.0] AndroidManifest.xml:26:22-94
38
39    <application
39-->src\main\AndroidManifest.xml:11:5-57:19
40        android:allowBackup="true"
40-->src\main\AndroidManifest.xml:15:9-35
41        android:appComponentFactory="androidx.core.app.CoreComponentFactory"
41-->[androidx.core:core:1.9.0] AndroidManifest.xml:28:18-86
42        android:dataExtractionRules="@xml/data_extraction_rules"
42-->src\main\AndroidManifest.xml:16:9-65
43        android:debuggable="true"
44        android:extractNativeLibs="false"
45        android:fullBackupContent="@xml/backup_rules"
45-->src\main\AndroidManifest.xml:17:9-54
46        android:icon="@mipmap/ic_launcher"
46-->src\main\AndroidManifest.xml:18:9-43
47        android:label="@string/app_name"
47-->src\main\AndroidManifest.xml:19:9-41
48        android:networkSecurityConfig="@xml/network_security_config"
48-->src\main\AndroidManifest.xml:22:9-69
49        android:supportsRtl="true"
49-->src\main\AndroidManifest.xml:20:9-35
50        android:testOnly="true"
51        android:theme="@style/Theme.Searchbar"
51-->src\main\AndroidManifest.xml:21:9-47
52        android:usesCleartextTraffic="true" >
52-->src\main\AndroidManifest.xml:14:9-44
53        <meta-data
53-->src\main\AndroidManifest.xml:24:9-25:99
54            android:name="com.kakao.sdk.AppKey"
54-->src\main\AndroidManifest.xml:25:13-48
55            android:value="837fbceb3b5b16a21af0ee2c3a8da17b" />
55-->src\main\AndroidManifest.xml:25:49-97
56
57        <activity
57-->src\main\AndroidManifest.xml:26:9-33:20
58            android:name="com.lkw.searchbar.login_signup.LoginActivity"
58-->src\main\AndroidManifest.xml:27:13-55
59            android:exported="true" >
59-->src\main\AndroidManifest.xml:28:13-36
60            <intent-filter>
60-->src\main\AndroidManifest.xml:29:13-32:29
61                <action android:name="android.intent.action.MAIN" />
61-->src\main\AndroidManifest.xml:30:17-69
61-->src\main\AndroidManifest.xml:30:25-66
62
63                <category android:name="android.intent.category.LAUNCHER" />
63-->src\main\AndroidManifest.xml:31:17-77
63-->src\main\AndroidManifest.xml:31:27-74
64            </intent-filter>
65        </activity>
66        <activity
66-->src\main\AndroidManifest.xml:35:9-42:20
67            android:name="com.lkw.searchbar.login.LoginMainActivity"
67-->src\main\AndroidManifest.xml:36:13-52
68            android:exported="true" >
68-->src\main\AndroidManifest.xml:37:13-36
69
70            <!-- <intent-filter> -->
71            <!-- <action android:name="android.intent.action.MAIN" /> -->
72            <!-- <category android:name="android.intent.category.LAUNCHER" /> -->
73            <!-- </intent-filter> -->
74        </activity>
75        <activity
75-->src\main\AndroidManifest.xml:43:9-44:40
76            android:name="com.lkw.searchbar.login.LoginDestinationActivity"
76-->src\main\AndroidManifest.xml:43:19-65
77            android:exported="false" />
77-->src\main\AndroidManifest.xml:44:13-37
78        <activity
78-->src\main\AndroidManifest.xml:45:9-47:38
79            android:name="com.lkw.searchbar.login_signup.SignUpActivity"
79-->src\main\AndroidManifest.xml:46:13-56
80            android:exported="true" />
80-->src\main\AndroidManifest.xml:47:13-36
81        <activity
81-->src\main\AndroidManifest.xml:49:9-52:20
82            android:name="com.lkw.searchbar.unlogin.MainActivity"
82-->src\main\AndroidManifest.xml:50:13-49
83            android:exported="true" >
83-->src\main\AndroidManifest.xml:51:13-36
84        </activity>
85        <activity
85-->src\main\AndroidManifest.xml:54:9-55:39
86            android:name="com.lkw.searchbar.unlogin.DestinationActivity"
86-->src\main\AndroidManifest.xml:54:19-62
87            android:exported="false" />
87-->src\main\AndroidManifest.xml:55:13-37
88        <activity
88-->[com.kakao.sdk:v2-friend:2.13.0] AndroidManifest.xml:13:9-16:59
89            android:name="com.kakao.sdk.friend.view.FullPickerActivity"
89-->[com.kakao.sdk:v2-friend:2.13.0] AndroidManifest.xml:14:13-72
90            android:theme="@style/DayNightFull"
90-->[com.kakao.sdk:v2-friend:2.13.0] AndroidManifest.xml:15:13-48
91            android:windowSoftInputMode="adjustNothing" />
91-->[com.kakao.sdk:v2-friend:2.13.0] AndroidManifest.xml:16:13-56
92        <activity
92-->[com.kakao.sdk:v2-friend:2.13.0] AndroidManifest.xml:17:9-19:52
93            android:name="com.kakao.sdk.friend.view.PopupPickerActivity"
93-->[com.kakao.sdk:v2-friend:2.13.0] AndroidManifest.xml:18:13-73
94            android:theme="@style/DayNightPopup" />
94-->[com.kakao.sdk:v2-friend:2.13.0] AndroidManifest.xml:19:13-49
95        <activity
95-->[com.kakao.sdk:v2-auth:2.13.0] AndroidManifest.xml:10:9-15:56
96            android:name="com.kakao.sdk.auth.TalkAuthCodeActivity"
96-->[com.kakao.sdk:v2-auth:2.13.0] AndroidManifest.xml:11:13-67
97            android:configChanges="orientation|screenSize|keyboardHidden"
97-->[com.kakao.sdk:v2-auth:2.13.0] AndroidManifest.xml:12:13-74
98            android:exported="false"
98-->[com.kakao.sdk:v2-auth:2.13.0] AndroidManifest.xml:13:13-37
99            android:launchMode="singleTask"
99-->[com.kakao.sdk:v2-auth:2.13.0] AndroidManifest.xml:14:13-44
100            android:theme="@style/TransparentCompat" />
100-->[com.kakao.sdk:v2-auth:2.13.0] AndroidManifest.xml:15:13-53
101        <activity
101-->[com.kakao.sdk:v2-auth:2.13.0] AndroidManifest.xml:16:9-19:56
102            android:name="com.kakao.sdk.auth.AuthCodeHandlerActivity"
102-->[com.kakao.sdk:v2-auth:2.13.0] AndroidManifest.xml:17:13-70
103            android:launchMode="singleTask"
103-->[com.kakao.sdk:v2-auth:2.13.0] AndroidManifest.xml:18:13-44
104            android:theme="@style/TransparentCompat" />
104-->[com.kakao.sdk:v2-auth:2.13.0] AndroidManifest.xml:19:13-53
105
106        <provider
106-->[androidx.emoji2:emoji2:1.2.0] AndroidManifest.xml:24:9-32:20
107            android:name="androidx.startup.InitializationProvider"
107-->[androidx.emoji2:emoji2:1.2.0] AndroidManifest.xml:25:13-67
108            android:authorities="com.lkw.searchbar.androidx-startup"
108-->[androidx.emoji2:emoji2:1.2.0] AndroidManifest.xml:26:13-68
109            android:exported="false" >
109-->[androidx.emoji2:emoji2:1.2.0] AndroidManifest.xml:27:13-37
110            <meta-data
110-->[androidx.emoji2:emoji2:1.2.0] AndroidManifest.xml:29:13-31:52
111                android:name="androidx.emoji2.text.EmojiCompatInitializer"
111-->[androidx.emoji2:emoji2:1.2.0] AndroidManifest.xml:30:17-75
112                android:value="androidx.startup" />
112-->[androidx.emoji2:emoji2:1.2.0] AndroidManifest.xml:31:17-49
113            <meta-data
113-->[androidx.lifecycle:lifecycle-process:2.4.1] AndroidManifest.xml:31:13-33:52
114                android:name="androidx.lifecycle.ProcessLifecycleInitializer"
114-->[androidx.lifecycle:lifecycle-process:2.4.1] AndroidManifest.xml:32:17-78
115                android:value="androidx.startup" />
115-->[androidx.lifecycle:lifecycle-process:2.4.1] AndroidManifest.xml:33:17-49
116        </provider>
117    </application>
118
119</manifest>